<?xml version="1.0" encoding="UTF-8"?>
<!-- Generated by org.testng.reporters.JUnitReportReporter -->
<testsuite hostname="sud-dev-uk-6adf" failures="0" tests="4" name="org.teststeps.TestFlipcartSteps" time="20.264" errors="0" timestamp="05 Oct 2023 16:07:20 GMT" skipped="0">
  <testcase classname="org.teststeps.TestFlipcartSteps" name="searchAProduct" time="7.492"/>
  <testcase classname="org.teststeps.TestFlipcartSteps" name="selectFirstSearchedResultProduct" time="1.279"/>
  <testcase classname="org.teststeps.TestFlipcartSteps" name="addingAProductIntoCart" time="9.363"/>
  <testcase classname="org.teststeps.TestFlipcartSteps" name="veriftThatPorductHasAddedToTheCart" time="2.130"/>
</testsuite> <!-- org.teststeps.TestFlipcartSteps -->
