<?xml version="1.0" encoding="UTF-8"?>
<!-- Generated by org.testng.reporters.JUnitReportReporter -->
<testsuite hostname="sud-dev-uk-6adf" failures="0" tests="4" name="org.teststeps.TestFlipcartSteps" time="16.232" errors="0" timestamp="05 Oct 2023 15:44:53 GMT" skipped="0">
  <testcase classname="org.teststeps.TestFlipcartSteps" name="searchAProduct" time="4.382"/>
  <testcase classname="org.teststeps.TestFlipcartSteps" name="selectFirstSearchedResultProduct" time="0.549"/>
  <testcase classname="org.teststeps.TestFlipcartSteps" name="addingAProductIntoCart" time="9.479"/>
  <testcase classname="org.teststeps.TestFlipcartSteps" name="veriftThatPorductHasAddedToTheCart" time="1.822"/>
</testsuite> <!-- org.teststeps.TestFlipcartSteps -->
